-- Compiling student's code with student ID 0xdc631044f07d628f5dabf172585d4b26b8d65db --
PASS

---------------------
-- Running Test 1 --
---------------------
FAIL
 Something went wrong.
Exception: [Errno 2] No such file or directory: './main'

---------------------
-- Running Test 2 --
---------------------
FAIL
 Something went wrong.
Exception: [Errno 2] No such file or directory: './main'

---------------------
-- Running Test 3 --
---------------------
FAIL
 Something went wrong.
Exception: [Errno 2] No such file or directory: './main'

---------------------
-- Running Test 4 --
---------------------
FAIL
 Something went wrong.
Exception: [Errno 2] No such file or directory: './main'

---------------------
-- Running Test 5 --
---------------------
FAIL
 Something went wrong.
Exception: [Errno 2] No such file or directory: './main'

---------------------
-- Running Test 6 --
---------------------
FAIL
 Something went wrong.
Exception: [Errno 2] No such file or directory: './main'

---------------------
-- Running Test 7 --
---------------------
FAIL
 Something went wrong.
Exception: [Errno 2] No such file or directory: './main'

---------------------
-- Running Test 8 --
---------------------
FAIL
 Something went wrong.
Exception: [Errno 2] No such file or directory: './main'

---------------------
-- Running Test 9 --
---------------------
FAIL
 Something went wrong.
Exception: [Errno 2] No such file or directory: './main'

---------------------
-- Running Test 10 --
---------------------
FAIL
 Something went wrong.
Exception: [Errno 2] No such file or directory: './main'

---------------------
-- Running Test 11 --
---------------------
FAIL
 Something went wrong.
Exception: [Errno 2] No such file or directory: './main'

---------------------
-- Running Test 12 --
---------------------
FAIL
 Something went wrong.
Exception: [Errno 2] No such file or directory: './main'

---------------------
-- Running Test 13 --
---------------------
FAIL
 Something went wrong.
Exception: [Errno 2] No such file or directory: './main'

---------------------
-- Running Test 14 --
---------------------
FAIL
 Something went wrong.
Exception: [Errno 2] No such file or directory: './main'

---------------------
-- Running Test 15 --
---------------------
FAIL
 Something went wrong.
Exception: [Errno 2] No such file or directory: './main'

---------------------
-- Running Test 16 --
---------------------
FAIL
 Something went wrong.
Exception: [Errno 2] No such file or directory: './main'

---------------------
-- Running Test 17 --
---------------------
FAIL
 Something went wrong.
Exception: [Errno 2] No such file or directory: './main'

---------------------
-- Running Test 18 --
---------------------
FAIL
 Something went wrong.
Exception: [Errno 2] No such file or directory: './main'

---------------------
-- Running Test 19 --
---------------------
FAIL
 Something went wrong.
Exception: [Errno 2] No such file or directory: './main'



--Final Report------------------------------------------------
Tests passes: 1/20
Percent: 5.00%
Grade out of 15: 1
